<?xml version="1.0" encoding="UTF-8"?>
<!-- Generated by org.testng.reporters.JUnitReportReporter -->
<testsuite hostname="DESKTOP-52QU16D" failures="1" tests="2" name="runner.Runner" time="28.011" errors="0" timestamp="2025-04-15T14:41:00 IST" skipped="0">
  <testcase classname="runner.Runner" name="runScenario" time="12.321">
    <failure message="Login should be failed but user element found. expected [false] but found [true]" type="java.lang.AssertionError">
      <![CDATA[java.lang.AssertionError: Login should be failed but user element found. expected [false] but found [true]
at org.testng.Assert.fail(Assert.java:111)
at org.testng.Assert.failNotEquals(Assert.java:1578)
at org.testng.Assert.assertFalse(Assert.java:79)
at pages.Login.loginShouldBefailed(Login.java:55)
at âœ½.Login should be failed(file:///C:/Users/ABHI/eclipse-workspace/cucumberFramworkArt/src/test/java/story/test1.feature:20)
]]>
    </failure>
  </testcase> <!-- runScenario -->
  <testcase classname="runner.Runner" name="runScenario" time="15.690"/>
</testsuite> <!-- runner.Runner -->
